<?xml version="1.0" encoding="UTF-8"?>
<!-- Generated by org.testng.reporters.JUnitReportReporter -->
<testsuite hostname="Shubhasish" failures="0" tests="1" name="testscripts.ThirdTest" time="23.652" errors="0" timestamp="2023-02-18T09:23:33 IST" skipped="0">
  <testcase classname="testscripts.ThirdTest" name="thirdTest" time="23.652"/>
  <system-out/>
</testsuite> <!-- testscripts.ThirdTest -->
