<?xml version="1.0" encoding="UTF-8"?>
<!-- Generated by org.testng.reporters.JUnitReportReporter -->
<testsuite hostname="Shubhasish" failures="0" tests="1" name="testscripts.FirstTest" time="75.932" errors="0" timestamp="2023-02-18T09:18:35 IST" skipped="0">
  <testcase classname="testscripts.FirstTest" name="firstTest" time="75.932"/>
  <system-out/>
</testsuite> <!-- testscripts.FirstTest -->
