<?xml version="1.0" encoding="UTF-8"?>
<!-- Generated by org.testng.reporters.JUnitReportReporter -->
<testsuite hostname="Shubhasish" failures="0" tests="1" name="testscripts.FourthTest" time="17.174" errors="0" timestamp="2023-02-18T09:38:25 IST" skipped="0">
  <testcase classname="testscripts.FourthTest" name="fourthTest" time="17.174"/>
  <system-out/>
</testsuite> <!-- testscripts.FourthTest -->
